<?xml version="1.0" encoding="UTF-8"?>
<beans
        id="accountService" class="org.mockito.Mockito" factory-method="mock">
        <constructor-arg value="org.example.AccountService"/>
</beans>
